<?xml version="1.0" encoding="utf-8" standalone="no"?>
<!--This file represents the results of running a test suite-->
<test-results name="E:\Fibonacci Series\XmlToJson\Service1ClientTests\bin\Debug\Service1ClientTests.exe" total="1" errors="0" failures="0" not-run="0" inconclusive="0" ignored="0" skipped="0" invalid="0" date="2017-09-06" time="09:26:06">
  <environment nunit-version="2.5.10.11092" clr-version="4.0.30319.1" os-version="Microsoft Windows NT 6.1.7600.0" platform="Win32NT" cwd="E:\Fibonacci Series\XmlToJson\Service1ClientTests\bin\Debug" machine-name="VINOTH-PC" user="Vinoth" user-domain="Vinoth-PC" />
  <culture-info current-culture="en-IN" current-uiculture="en-US" />
  <test-suite type="Assembly" name="E:\Fibonacci Series\XmlToJson\Service1ClientTests\bin\Debug\Service1ClientTests.exe" executed="True" result="Success" success="True" time="2.888" asserts="0">
    <results>
      <test-suite type="Namespace" name="Service1ClientTests" executed="True" result="Success" success="True" time="2.878" asserts="0">
        <results>
          <test-suite type="TestFixture" name="ServiceClientTests" executed="True" result="Success" success="True" time="2.878" asserts="0">
            <results>
              <test-case name="Service1ClientTests.ServiceClientTests.FibonacciTest" executed="True" result="Success" success="True" time="1.792" asserts="4" />
            </results>
          </test-suite>
        </results>
      </test-suite>
    </results>
  </test-suite>
</test-results>